0 info it worked if it ends with ok
1 verbose cli [ 'D:\\Program Files\\nodejs\\\\node.exe',
1 verbose cli   'D:\\Program Files\\nodejs\\node_modules\\npm\\bin\\npm-cli.js',
1 verbose cli   'install',
1 verbose cli   'bower',
1 verbose cli   '-g' ]
2 info using npm@1.3.21
3 info using node@v0.10.24
4 verbose node symlink D:\Program Files\nodejs\\node.exe
5 verbose cache add [ 'bower', null ]
6 verbose cache add name=undefined spec="bower" args=["bower",null]
7 verbose parsed url { protocol: null,
7 verbose parsed url   slashes: null,
7 verbose parsed url   auth: null,
7 verbose parsed url   host: null,
7 verbose parsed url   port: null,
7 verbose parsed url   hostname: null,
7 verbose parsed url   hash: null,
7 verbose parsed url   search: null,
7 verbose parsed url   query: null,
7 verbose parsed url   pathname: 'bower',
7 verbose parsed url   path: 'bower',
7 verbose parsed url   href: 'bower' }
8 silly lockFile 206e3ce5-bower bower
9 verbose lock bower C:\Users\udbmnm\AppData\Roaming\npm-cache\206e3ce5-bower.lock
10 silly lockFile 206e3ce5-bower bower
11 silly lockFile 206e3ce5-bower bower
12 verbose addNamed [ 'bower', '' ]
13 verbose addNamed [ null, '*' ]
14 silly lockFile 1240aab1-bower bower@
15 verbose lock bower@ C:\Users\udbmnm\AppData\Roaming\npm-cache\1240aab1-bower.lock
16 silly addNameRange { name: 'bower', range: '*', hasData: false }
17 verbose url raw bower
18 verbose url resolving [ 'http://r.cnpmjs.org/', './bower' ]
19 verbose url resolved http://r.cnpmjs.org/bower
20 info trying registry request attempt 1 at 23:36:53
21 http GET http://r.cnpmjs.org/bower
22 http 200 http://r.cnpmjs.org/bower
23 silly registry.get cb [ 200,
23 silly registry.get   { server: 'nginx/1.4.1 (Ubuntu)',
23 silly registry.get     date: 'Tue, 24 Jun 2014 15:36:51 GMT',
23 silly registry.get     'content-type': 'application/json; charset=utf-8',
23 silly registry.get     'content-length': '104781',
23 silly registry.get     connection: 'keep-alive',
23 silly registry.get     'x-powered-by': 'koa',
23 silly registry.get     etag: '"1402222807000"',
23 silly registry.get     'x-readtime': '46' } ]
24 silly addNameRange number 2 { name: 'bower', range: '*', hasData: true }
25 silly addNameRange versions [ 'bower',
25 silly addNameRange   [ '1.3.5',
25 silly addNameRange     '1.3.4',
25 silly addNameRange     '1.3.3',
25 silly addNameRange     '1.3.2',
25 silly addNameRange     '1.3.1',
25 silly addNameRange     '1.3.0',
25 silly addNameRange     '1.2.8',
25 silly addNameRange     '1.2.7',
25 silly addNameRange     '1.2.6',
25 silly addNameRange     '1.2.5',
25 silly addNameRange     '1.2.4',
25 silly addNameRange     '1.2.3',
25 silly addNameRange     '1.2.2',
25 silly addNameRange     '1.2.1',
25 silly addNameRange     '1.2.0',
25 silly addNameRange     '1.1.2',
25 silly addNameRange     '1.1.1',
25 silly addNameRange     '1.1.0',
25 silly addNameRange     '1.0.3',
25 silly addNameRange     '1.0.2',
25 silly addNameRange     '1.0.1',
25 silly addNameRange     '1.0.0',
25 silly addNameRange     '0.10.0',
25 silly addNameRange     '0.9.2',
25 silly addNameRange     '0.9.1',
25 silly addNameRange     '0.9.0',
25 silly addNameRange     '0.8.6',
25 silly addNameRange     '0.8.5',
25 silly addNameRange     '0.8.4',
25 silly addNameRange     '0.8.3',
25 silly addNameRange     '0.8.2',
25 silly addNameRange     '0.8.1',
25 silly addNameRange     '0.8.0',
25 silly addNameRange     '0.7.1',
25 silly addNameRange     '0.7.0',
25 silly addNameRange     '0.6.8',
25 silly addNameRange     '0.6.7',
25 silly addNameRange     '0.6.6',
25 silly addNameRange     '0.6.5',
25 silly addNameRange     '0.6.4',
25 silly addNameRange     '0.6.3',
25 silly addNameRange     '0.6.2',
25 silly addNameRange     '0.6.1',
25 silly addNameRange     '0.6.0',
25 silly addNameRange     '0.5.1',
25 silly addNameRange     '0.5.0',
25 silly addNameRange     '0.4.0',
25 silly addNameRange     '0.3.2',
25 silly addNameRange     '0.3.1',
25 silly addNameRange     '0.3.0',
25 silly addNameRange     '0.2.0',
25 silly addNameRange     '0.1.3',
25 silly addNameRange     '0.1.2',
25 silly addNameRange     '0.1.0' ] ]
26 verbose addNamed [ 'bower', '1.3.5' ]
27 verbose addNamed [ '1.3.5', '1.3.5' ]
28 silly lockFile ba50d98b-bower-1-3-5 bower@1.3.5
29 verbose lock bower@1.3.5 C:\Users\udbmnm\AppData\Roaming\npm-cache\ba50d98b-bower-1-3-5.lock
30 silly lockFile 32d37e2c-g-bower-download-bower-1-3-5-tgz http://r.cnpmjs.org/bower/download/bower-1.3.5.tgz
31 verbose lock http://r.cnpmjs.org/bower/download/bower-1.3.5.tgz C:\Users\udbmnm\AppData\Roaming\npm-cache\32d37e2c-g-bower-download-bower-1-3-5-tgz.lock
32 verbose addRemoteTarball [ 'http://r.cnpmjs.org/bower/download/bower-1.3.5.tgz',
32 verbose addRemoteTarball   '36a749fa8d0ac4d96609f721d15c93834bdaf98b' ]
33 info retry fetch attempt 1 at 23:36:55
34 verbose fetch to= C:\Users\udbmnm\AppData\Local\Temp\npm-6096-766H7oW5\1403624215695-0.008929148083552718\tmp.tgz
35 http GET http://r.cnpmjs.org/bower/download/bower-1.3.5.tgz
36 http 200 http://r.cnpmjs.org/bower/download/bower-1.3.5.tgz
37 silly lockFile 32d37e2c-g-bower-download-bower-1-3-5-tgz http://r.cnpmjs.org/bower/download/bower-1.3.5.tgz
38 silly lockFile 32d37e2c-g-bower-download-bower-1-3-5-tgz http://r.cnpmjs.org/bower/download/bower-1.3.5.tgz
39 silly lockFile ba50d98b-bower-1-3-5 bower@1.3.5
40 silly lockFile ba50d98b-bower-1-3-5 bower@1.3.5
41 silly lockFile 1240aab1-bower bower@
42 silly lockFile 1240aab1-bower bower@
43 error Error: shasum check failed for C:\Users\udbmnm\AppData\Local\Temp\npm-6096-766H7oW5\1403624215695-0.008929148083552718\tmp.tgz
43 error Expected: 36a749fa8d0ac4d96609f721d15c93834bdaf98b
43 error Actual:   2abc07786ae41a5d873ea17e41782c4b7560bb49
43 error     at D:\Program Files\nodejs\node_modules\npm\node_modules\sha\index.js:38:8
43 error     at ReadStream.<anonymous> (D:\Program Files\nodejs\node_modules\npm\node_modules\sha\index.js:85:7)
43 error     at ReadStream.EventEmitter.emit (events.js:117:20)
43 error     at _stream_readable.js:920:16
43 error     at process._tickCallback (node.js:415:13)
44 error If you need help, you may report this *entire* log,
44 error including the npm and node versions, at:
44 error     <http://github.com/isaacs/npm/issues>
45 error System Windows_NT 6.1.7601
46 error command "D:\\Program Files\\nodejs\\\\node.exe" "D:\\Program Files\\nodejs\\node_modules\\npm\\bin\\npm-cli.js" "install" "bower" "-g"
47 error cwd F:\nodejs\test
48 error node -v v0.10.24
49 error npm -v 1.3.21
50 verbose exit [ 1, true ]
